2022-02-24 16:02:12:212 [37mdebug[39m: [37mServer is up and running @ http://localhost:8080[39m
2022-02-24 16:02:26:226 [31merror[39m: [31mThis is an error log[39m
2022-02-24 16:02:26:226 [33mwarn[39m: [33mThis is a warn log[39m
2022-02-24 16:02:26:226 [32minfo[39m: [32mThis is a info log[39m
2022-02-24 16:02:26:226 [35mhttp[39m: [35mThis is a http log[39m
2022-02-24 16:02:26:226 [37mdebug[39m: [37mThis is a debug log[39m
2022-02-24 16:13:21:1321 [37mdebug[39m: [37mServer is up and running @ http://localhost:8080[39m
2022-02-24 16:13:33:1333 [37mdebug[39m: [37mServer is up and running @ http://localhost:8080[39m
2022-02-24 16:14:03:143 [37mdebug[39m: [37mServer is up and running @ http://localhost:8080[39m
2022-02-24 16:14:19:1419 [37mdebug[39m: [37mServer is up and running @ http://localhost:8080[39m
2022-02-24 16:14:37:1437 [37mdebug[39m: [37mServer is up and running @ http://localhost:8080[39m
2022-02-24 16:14:45:1445 [31merror[39m: [31mThis is an error log[39m
2022-02-24 16:14:45:1445 [33mwarn[39m: [33mThis is a warn log[39m
2022-02-24 16:14:45:1445 [32minfo[39m: [32mThis is a info log[39m
2022-02-24 16:14:45:1445 [35mhttp[39m: [35mThis is a http log[39m
2022-02-24 16:14:45:1445 [37mdebug[39m: [37mThis is a debug log[39m
2022-02-24 16:14:50:1450 [37mdebug[39m: [37mServer is up and running @ http://localhost:8080[39m
2022-02-24 16:14:52:1452 [31merror[39m: [31mThis is an error log[39m
2022-02-24 16:14:52:1452 [33mwarn[39m: [33mThis is a warn log[39m
2022-02-24 16:14:52:1452 [32minfo[39m: [32mThis is a info log[39m
2022-02-24 16:14:52:1452 [35mhttp[39m: [35mThis is a http log[39m
2022-02-24 16:14:52:1452 [37mdebug[39m: [37mThis is a debug log[39m
2022-02-24 16:15:20:1520 [31merror[39m: [31mThis is an error log[39m
2022-02-24 16:15:20:1520 [33mwarn[39m: [33mThis is a warn log[39m
2022-02-24 16:15:20:1520 [32minfo[39m: [32mThis is a info log[39m
2022-02-24 16:15:20:1520 [35mhttp[39m: [35mThis is a http log[39m
2022-02-24 16:15:20:1520 [37mdebug[39m: [37mThis is a debug log[39m
2022-02-24 16:16:27:1627 [31merror[39m: [31mThis is an error log[39m
2022-02-24 16:16:27:1627 [33mwarn[39m: [33mThis is a warn log[39m
2022-02-24 16:16:27:1627 [32minfo[39m: [32mThis is a info log[39m
2022-02-24 16:16:27:1627 [35mhttp[39m: [35mThis is a http log[39m
2022-02-24 16:16:27:1627 [37mdebug[39m: [37mThis is a debug log[39m
2022-02-24 16:16:38:1638 [37mdebug[39m: [37mServer is up and running @ http://localhost:8080[39m
2022-02-24 16:16:42:1642 [31merror[39m: [31mThis is an error log[39m
2022-02-24 16:16:42:1642 [33mwarn[39m: [33mThis is a warn log[39m
2022-02-24 16:16:42:1642 [32minfo[39m: [32mThis is a info log[39m
2022-02-24 16:16:42:1642 [35mhttp[39m: [35mThis is a http log[39m
2022-02-24 16:16:42:1642 [37mdebug[39m: [37mThis is a debug log[39m
2022-02-24 16:16:46:1646 [37mdebug[39m: [37mServer is up and running @ http://localhost:8080[39m
2022-02-24 16:18:04:184 [37mdebug[39m: [37mServer is up and running @ http://localhost:8080[39m
2022-02-24 16:18:07:187 [31merror[39m: [31mThis is an error log[39m
2022-02-24 16:18:07:187 [33mwarn[39m: [33mThis is a warn log[39m
2022-02-24 16:18:07:187 [32minfo[39m: [32mThis is a info log[39m
2022-02-24 16:18:07:187 [35mhttp[39m: [35mThis is a http log[39m
2022-02-24 16:18:07:187 [37mdebug[39m: [37mThis is a debug log[39m
